<?xml version="1.0" encoding="UTF-8"?>
<testsuite name="com.example.project.TestMain" tests="5" skipped="0" failures="0" errors="0" timestamp="2025-01-16T18:29:59" hostname="codespaces-3f0ed3" time="0.046">
  <properties/>
  <testcase name="testNotAlone()" classname="com.example.project.TestMain" time="0.028"/>
  <testcase name="TestShiftLeft()" classname="com.example.project.TestMain" time="0.001"/>
  <testcase name="testSameFirstLast()" classname="com.example.project.TestMain" time="0.002"/>
  <testcase name="testSwapEnds()" classname="com.example.project.TestMain" time="0.001"/>
  <testcase name="testZeroFront()" classname="com.example.project.TestMain" time="0.006"/>
  <system-out><![CDATA[]]></system-out>
  <system-err><![CDATA[]]></system-err>
</testsuite>
