<?xml version="1.0" encoding="UTF-8"?>
<testsuite name="com.example.project.TestMain" tests="8" skipped="0" failures="0" errors="0" timestamp="2025-02-03T14:26:19" hostname="codespaces-3f0ed3" time="0.081">
  <properties/>
  <testcase name="testNotAlone()" classname="com.example.project.TestMain" time="0.031"/>
  <testcase name="TestShiftLeft()" classname="com.example.project.TestMain" time="0.004"/>
  <testcase name="testSameFirstLast()" classname="com.example.project.TestMain" time="0.009"/>
  <testcase name="testSwapEnds()" classname="com.example.project.TestMain" time="0.002"/>
  <testcase name="testZeroFront()" classname="com.example.project.TestMain" time="0.003"/>
  <testcase name="testRemove3()" classname="com.example.project.TestMain" time="0.003"/>
  <testcase name="testReverseArray()" classname="com.example.project.TestMain" time="0.001"/>
  <testcase name="testInsertAfterI()" classname="com.example.project.TestMain" time="0.001"/>
  <system-out><![CDATA[]]></system-out>
  <system-err><![CDATA[]]></system-err>
</testsuite>
